[09:06:24] [Client thread/INFO] [JMLogger] JourneyMap log initialized.
[09:06:24] [Client thread/INFO] [JourneyMap] ensureCurrent ENTER
[09:06:25] [Client thread/INFO] [PropertiesBase] Loaded CoreProperties from C:\Users\Kallyn\Documents\MultiMC\instances\MinecraftModdedRepo\minecraft\journeymap\config\5.0\journeymap.core.config
[09:06:25] [Client thread/INFO] [PropertiesBase] Loaded FullMapProperties from C:\Users\Kallyn\Documents\MultiMC\instances\MinecraftModdedRepo\minecraft\journeymap\config\5.0\journeymap.fullmap.config
[09:06:25] [Client thread/INFO] [PropertiesBase] Loaded MiniMapProperties from C:\Users\Kallyn\Documents\MultiMC\instances\MinecraftModdedRepo\minecraft\journeymap\config\5.0\journeymap.minimap.config
[09:06:25] [Client thread/INFO] [PropertiesBase] Loaded MiniMapProperties2 from C:\Users\Kallyn\Documents\MultiMC\instances\MinecraftModdedRepo\minecraft\journeymap\config\5.0\journeymap.minimap2.config
[09:06:25] [Client thread/INFO] [PropertiesBase] Loaded WebMapProperties from C:\Users\Kallyn\Documents\MultiMC\instances\MinecraftModdedRepo\minecraft\journeymap\config\5.0\journeymap.webmap.config
[09:06:25] [Client thread/INFO] [PropertiesBase] Loaded WaypointProperties from C:\Users\Kallyn\Documents\MultiMC\instances\MinecraftModdedRepo\minecraft\journeymap\config\5.0\journeymap.waypoint.config
[09:06:25] [Client thread/INFO] [?] Version: JourneyMap 5.0.0RC2 Unlimited, built with Forge 10.13.2.1230
Forge: 10.13.2.1236
Environment: os.name, os.arch, java.version, user.country, user.language=null, game language=en_US, locale=en_us
Unlimited Features: 
	RadarPlayers : singleplayer = true , multiplayer = true
	RadarAnimals : singleplayer = true , multiplayer = true
	RadarMobs : singleplayer = true , multiplayer = true
	RadarVillagers : singleplayer = true , multiplayer = true
	MapCaves : singleplayer = true , multiplayer = true
MiniMapProperties{entityIconSetName=2D, showAnimals=true, showMobs=true, showPets=true, showPlayers=true, showSelf=true, showVillagers=true, showWaypoints=true, zoomLevel=0, fontScale=1, locationFormat=xzyv, locationFormatVerbose=true, showCaves=true, showWaypointLabels=true, textureSmall=true, active=true, compassFontScale=1, enabled=true, frameAlpha=100, name=minimap, orientation=My Heading, position=Top Right, preferredMapType=day, reticleOrientation=Compass, shape=Circle, showBiome=true, showCompass=true, showFps=false, showLocation=true, showReticle=true, sizePercent=30, terrainAlpha=100}
MiniMapProperties2{enabled=true, shape=Rectangle, position=Top Center, showFps=false, showBiome=true, showLocation=true, showWaypointLabels=true, sizePercent=30, frameAlpha=60, terrainAlpha=60, orientation=My Heading, compassFontScale=1, showCompass=true, showReticle=true, reticleOrientation=Compass, preferredMapType=day, name=minimap2, id=2}
FullMapProperties{entityIconSetName=2D, showAnimals=true, showMobs=true, showPets=true, showPlayers=true, showSelf=true, showVillagers=true, showWaypoints=true, zoomLevel=3, fontScale=1, locationFormat=xzyv, locationFormatVerbose=true, showCaves=true, showWaypointLabels=true, textureSmall=true, preferredMapType=day, showGrid=true}
WaypointProperties{autoHideLabel=true, beaconEnabled=true, boldLabel=false, createDeathpoints=true, fontScale=2, managerEnabled=true, maxDistance=0, name=waypoint, showDistance=true, showName=true, showRotatingBeam=true, showStaticBeam=true, showTexture=true, textureSmall=true}
WebMapProperties: , enabled=false, port=8080, showMobs=true, showAnimals=true, showVillagers=true, showPets=true, showPlayers=true, showWaypoints=true, entityIconSetName=2D
CoreProperties{announceMod=false, autoMapPoll=9940, browserPoll=10000, cacheAnimalsData=3100, cacheMobsData=3000, cachePlayerData=1000, cachePlayersData=2000, cacheVillagersData=2200, caveIgnoreGlass=true, checkUpdates=false, chunkOffset=8, chunkPoll=2000, hideSneakingEntities=true, logLevel=INFO, mapAntialiasing=true, mapBathymetry=false, mapCaveLighting=true, mapCrops=true, mapPlants=false, mapPlantShadows=false, mapSurfaceAboveCaves=true, mapTransparency=true, maxAnimalsData=32, maxMobsData=32, maxPlayersData=32, maxVillagersData=32, optionsManagerUsed=true, radarLateralDistance=64, radarVerticalDistance=16, recordCacheStats=false, renderOverlayEventTypeName=ALL, renderOverlayPreEvent=true, themeName=Victorian}
[09:06:25] [Client thread/INFO] [JourneyMap] ensureCurrent EXIT, elapsed time: 157.63ms
[09:06:28] [Client thread/INFO] [JourneyMap] postInitialize ENTER
[09:06:28] [Client thread/DEBUG] [EventHandlerManager] net.techbrew.journeymap.forgehandler.ChatEventHandler registered in MinecraftForgeBus
[09:06:28] [Client thread/DEBUG] [EventHandlerManager] net.techbrew.journeymap.forgehandler.StateTickHandler registered in FMLCommonHandlerBus
[09:06:28] [Client thread/DEBUG] [EventHandlerManager] net.techbrew.journeymap.forgehandler.WorldEventHandler registered in MinecraftForgeBus
[09:06:28] [Client thread/DEBUG] [EventHandlerManager] net.techbrew.journeymap.forgehandler.ChunkUpdateHandler registered in MinecraftForgeBus
[09:06:28] [Client thread/DEBUG] [EventHandlerManager] net.techbrew.journeymap.forgehandler.WaypointBeaconHandler registered in MinecraftForgeBus
[09:06:28] [Client thread/INFO] [WorldInfoHandler] Registered channel: world_info
[09:06:29] [Client thread/DEBUG] [EventHandlerManager] net.techbrew.journeymap.forgehandler.MiniMapOverlayHandler registered in MinecraftForgeBus
[09:06:29] [Client thread/DEBUG] [EventHandlerManager] net.techbrew.journeymap.forgehandler.KeyEventHandler registered in FMLCommonHandlerBus
[09:06:29] [Client thread/INFO] [IconSetFileHandler] Initializing icon sets...
[09:06:29] [Client thread/TRACE] [ThemeFileHandler] Initializing themes ...
[09:06:29] [Client thread/DEBUG] [PropertiesBase] Saved journeymap.webmap.config
[09:06:29] [Client thread/INFO] [JourneyMap] postInitialize EXIT, elapsed time: 571.83ms
